Wed May 20 20:02:58 Saved as file BACKUP1.MAX
Wed May 20 20:12:58 Saved as file BACKUP1.MAX
Wed May 20 20:22:58 Saved as file BACKUP1.MAX
Wed May 20 20:32:59 Saved as file BACKUP1.MAX
Wed May 20 20:42:59 Saved as file BACKUP1.MAX
Wed May 20 20:52:59 Saved as file BACKUP1.MAX
Thu May 21 20:12:31 Saved as file BACKUP1.MAX
Thu May 21 20:22:31 Saved as file BACKUP1.MAX
Thu May 21 20:32:31 Saved as file BACKUP1.MAX
Thu May 21 20:42:31 Saved as file BACKUP1.MAX
Thu May 21 20:52:32 Saved as file BACKUP1.MAX
Thu May 21 21:02:32 Saved as file BACKUP1.MAX
Thu May 21 21:12:32 Saved as file BACKUP1.MAX
Thu May 21 21:22:33 Saved as file BACKUP1.MAX
Thu May 21 21:32:33 Saved as file BACKUP1.MAX
Fri May 22 20:50:54 Saved as file BACKUP1.MAX
Fri May 22 21:00:54 Saved as file BACKUP1.MAX
Fri May 22 21:10:54 Saved as file BACKUP1.MAX
Fri May 22 21:20:55 Saved as file BACKUP1.MAX
Fri May 22 21:30:55 Saved as file BACKUP1.MAX
Fri May 22 21:40:55 Saved as file BACKUP1.MAX
Fri May 22 21:50:56 Saved as file BACKUP1.MAX
Fri May 22 22:00:56 Saved as file BACKUP1.MAX
Mon May 25 21:17:02 Saved as file BACKUP1.MAX
Mon May 25 21:27:03 Saved as file BACKUP1.MAX
Mon May 25 21:37:03 Saved as file BACKUP1.MAX
Mon May 25 21:47:03 Saved as file BACKUP1.MAX
Mon May 25 21:57:03 Saved as file BACKUP1.MAX
Mon May 25 22:06:20 Saved as file ~undo.max
Mon May 25 22:06:43 Loaded file C:\Cadence\SPB_16.2\tools\Layout_Plus\data\template.imp
Mon May 25 22:06:43 Loaded file C:\Cadence\SPB_16.2\tools\Layout_Plus\data\template.imp
Mon May 25 22:06:43 Loaded file C:\Cadence\SPB_16.2\tools\Layout_Plus\data\template.imp
Mon May 25 22:06:43 Loaded file C:\Cadence\SPB_16.2\tools\Layout_Plus\data\template.imp
Mon May 25 22:06:45 Loaded file D:\ONEDRIVE\ELECTRONICS\RESOURES\ELIBRARY\LIBRARY_ORCAD10.5\LIB.DIP_MN.LLB
Mon May 25 22:06:48 Saved as file ~undo.max
Mon May 25 22:06:50 Loaded file C:\Cadence\SPB_16.2\tools\Layout_Plus\data\template.imp
Mon May 25 22:06:50 Loaded file C:\Cadence\SPB_16.2\tools\Layout_Plus\data\template.imp
Mon May 25 22:06:51 Loaded file D:\ONEDRIVE\ELECTRONICS\RESOURES\ELIBRARY\LIBRARY_ORCAD10.5\LIB.DIP_MN.LLB
Mon May 25 22:06:56 Loaded file C:\Cadence\SPB_16.2\tools\Layout_Plus\data\template.imp
Mon May 25 22:07:04 Saved as file BACKUP1.MAX
Mon May 25 22:07:05 Saved as file ~undo.max
Mon May 25 22:07:19 Loaded file C:\Cadence\SPB_16.2\tools\Layout_Plus\data\template.imp
Mon May 25 22:07:19 Loaded file C:\Cadence\SPB_16.2\tools\Layout_Plus\data\template.imp
Mon May 25 22:07:20 Loaded file C:\Cadence\SPB_16.2\tools\Layout_Plus\data\template.imp
Mon May 25 22:07:20 Loaded file C:\Cadence\SPB_16.2\tools\Layout_Plus\data\template.imp
Mon May 25 22:07:21 Loaded file D:\ONEDRIVE\ELECTRONICS\RESOURES\ELIBRARY\LIBRARY_ORCAD10.5\LIB.DIP_MN.LLB
Mon May 25 22:07:26 Loaded file C:\Cadence\SPB_16.2\tools\Layout_Plus\data\template.imp
Mon May 25 22:07:26 Loaded file C:\Cadence\SPB_16.2\tools\Layout_Plus\data\template.imp
Mon May 25 22:07:29 Saved as file ~undo.max
Mon May 25 22:07:35 Saved as file D:\DO NHIET DO VA DO AM\SHT11 - MEGA32A\SCHEMATIC_LAYOUT_SHT11\PCB-SHT11-FULL-SEND\PCB-SHT11-CS\PCB-SHT11-CS-LAYOUT\PCB-SHT11-CS.MAX
Mon May 25 22:07:40 Saved as file D:\DO NHIET DO VA DO AM\SHT11 - MEGA32A\SCHEMATIC_LAYOUT_SHT11\PCB-SHT11-FULL-SEND\PCB-SHT11-CS\PCB-SHT11-CS-LAYOUT\PCB-SHT11-CS.MAX
Mon May 25 22:17:04 Saved as file BACKUP1.MAX
Mon May 25 22:27:04 Saved as file BACKUP1.MAX
Mon May 25 22:37:05 Saved as file BACKUP1.MAX
Mon May 25 22:47:05 Saved as file BACKUP1.MAX
Mon May 25 22:56:27 Loaded file C:\Cadence\SPB_16.2\tools\Layout_Plus\data\template.imp
Mon May 25 22:56:27 Loaded file C:\Cadence\SPB_16.2\tools\Layout_Plus\data\template.imp
Mon May 25 22:56:27 Loaded file C:\Cadence\SPB_16.2\tools\Layout_Plus\data\template.imp
Mon May 25 22:56:27 Loaded file C:\Cadence\SPB_16.2\tools\Layout_Plus\data\template.imp
Mon May 25 22:56:28 Loaded file D:\ONEDRIVE\ELECTRONICS\RESOURES\ELIBRARY\LIBRARY_ORCAD10.5\LIB.DIP_MN.LLB
Mon May 25 22:56:31 Loaded file C:\Cadence\SPB_16.2\tools\Layout_Plus\data\template.imp
Mon May 25 22:56:34 Saved as file ~undo.max
Mon May 25 22:56:36 Saved as file D:\DO NHIET DO VA DO AM\SHT11 - MEGA32A\SCHEMATIC_LAYOUT_SHT11\PCB-SHT11-FULL-SEND\PCB-SHT11-CS\PCB-SHT11-CS-LAYOUT\PCB-SHT11-CS.MAX
Mon May 25 22:57:05 Saved as file BACKUP1.MAX
Mon May 25 23:00:31 Saved as file ~undo.max
Mon May 25 23:01:00 Saved as file ~undo.max
Mon May 25 23:02:33 Saved as file ~undo.max
Mon May 25 23:02:52 Loaded file D:\DO NHIET DO VA DO AM\SHT11 - MEGA32A\SCHEMATIC_LAYOUT_SHT11\PCB-SHT11-FULL-SEND\PCB-SHT11-CS\PCB-SHT11-CS-LAYOUT\PCB-SHT11-CS.MAX
